INST:    0000 1000 0000 0000 nop  
ARCH:    INUM:        0 PC: 0x0000
VERILOG: INUM:        0 PC: 0x0000
INST:    1100 0001 0000 0011 lbi r1, 3  
ARCH:    INUM:        1 PC: 0x0002 REG: 1 VALUE: 0x0003
VERILOG: INUM:        1 PC: 0x0002 REG: 1 VALUE: 0x0003
INST:    0000 1000 0000 0000 nop  
ARCH:    INUM:        2 PC: 0x0004
VERILOG: INUM:        2 PC: 0x0004
INST:    1100 0010 0000 0100 lbi r2, 4  
ARCH:    INUM:        3 PC: 0x0006 REG: 2 VALUE: 0x0004
VERILOG: INUM:        3 PC: 0x0006 REG: 2 VALUE: 0x0004
INST:    0000 1000 0000 0000 nop  
ARCH:    INUM:        4 PC: 0x0008
VERILOG: INUM:        4 PC: 0x0008
INST:    0000 1000 0000 0000 nop  
ARCH:    INUM:        5 PC: 0x000a
VERILOG: INUM:        5 PC: 0x000a
INST:    0000 1000 0000 0000 nop  
ARCH:    INUM:        6 PC: 0x000c
VERILOG: INUM:        6 PC: 0x000c
INST:    0000 1000 0000 0000 nop  
ARCH:    INUM:        7 PC: 0x000e
VERILOG: INUM:        7 PC: 0x000e
INST:    0000 1000 0000 0000 nop  
ARCH:    INUM:        8 PC: 0x0010
VERILOG: INUM:        8 PC: 0x0010
INST:    1101 1010 0010 1100 add r3, r2, r1  
ARCH:    INUM:        9 PC: 0x0012 REG: 3 VALUE: 0x0007
VERILOG: INUM:        9 PC: 0x0012 REG: 3 VALUE: 0x0007
INST:    0000 1000 0000 0000 nop  
ARCH:    INUM:       10 PC: 0x0014
VERILOG: INUM:       10 PC: 0x0014
INST:    1100 0100 0101 0101 lbi r4, 0x55  
ARCH:    INUM:       11 PC: 0x0016 REG: 4 VALUE: 0x0055
VERILOG: INUM:       11 PC: 0x0016 REG: 4 VALUE: 0x0055
INST:    0000 1000 0000 0000 nop  
ARCH:    INUM:       12 PC: 0x0018
VERILOG: INUM:       12 PC: 0x0018
INST:    1100 0101 1010 1010 lbi r5, 0xaa  
ARCH:    INUM:       13 PC: 0x001a REG: 5 VALUE: 0xffaa
VERILOG: INUM:       13 PC: 0x001a REG: 5 VALUE: 0xffaa
INST:    0000 1000 0000 0000 nop  
ARCH:    INUM:       14 PC: 0x001c
VERILOG: INUM:       14 PC: 0x001c
INST:    0000 1000 0000 0000 nop  
ARCH:    INUM:       15 PC: 0x001e
VERILOG: INUM:       15 PC: 0x001e
INST:    0000 1000 0000 0000 nop  
ARCH:    INUM:       16 PC: 0x0020
VERILOG: INUM:       16 PC: 0x0020
INST:    0000 1000 0000 0000 nop  
ARCH:    INUM:       17 PC: 0x0022
VERILOG: INUM:       17 PC: 0x0022
INST:    0000 1000 0000 0000 nop  
ARCH:    INUM:       18 PC: 0x0024
VERILOG: INUM:       18 PC: 0x0024
INST:    1101 1100 1011 1000 add r6, r4, r5  
ARCH:    INUM:       19 PC: 0x0026 REG: 6 VALUE: 0xffff
VERILOG: INUM:       19 PC: 0x0026 REG: 6 VALUE: 0xffff
INST:    0000 1000 0000 0000 nop  
ARCH:    INUM:       20 PC: 0x0028
VERILOG: INUM:       20 PC: 0x0028
INST:    0000 1000 0000 0000 nop  
ARCH:    INUM:       21 PC: 0x002a
VERILOG: INUM:       21 PC: 0x002a
INST:    0000 1000 0000 0000 nop  
ARCH:    INUM:       22 PC: 0x002c
VERILOG: INUM:       22 PC: 0x002c
INST:    0000 1000 0000 0000 nop  
ARCH:    INUM:       23 PC: 0x002e
VERILOG: INUM:       23 PC: 0x002e
INST:    0000 1000 0000 0000 nop  
ARCH:    INUM:       24 PC: 0x0030
VERILOG: INUM:       24 PC: 0x0030
INST:    0100 0110 1110 0001 addi r7, r6, 1  
ARCH:    INUM:       25 PC: 0x0032 REG: 7 VALUE: 0x0000
VERILOG: INUM:       25 PC: 0x0032 REG: 7 VALUE: 0x0000
INST:    0000 1000 0000 0000 nop  
ARCH:    INUM:       26 PC: 0x0034
VERILOG: INUM:       26 PC: 0x0034
INST:    1100 0000 0100 0000 lbi r0, 0x40  
ARCH:    INUM:       27 PC: 0x0036 REG: 0 VALUE: 0x0040
VERILOG: INUM:       27 PC: 0x0036 REG: 0 VALUE: 0x0040
INST:    0000 1000 0000 0000 nop  
ARCH:    INUM:       28 PC: 0x0038
VERILOG: INUM:       28 PC: 0x0038
INST:    1100 0010 0000 0001 lbi r2, 0x1  
ARCH:    INUM:       29 PC: 0x003a REG: 2 VALUE: 0x0001
VERILOG: INUM:       29 PC: 0x003a REG: 2 VALUE: 0x0001
INST:    0000 1000 0000 0000 nop  
ARCH:    INUM:       30 PC: 0x003c
VERILOG: INUM:       30 PC: 0x003c
INST:    0000 1000 0000 0000 nop  
ARCH:    INUM:       31 PC: 0x003e
VERILOG: INUM:       31 PC: 0x003e
INST:    0000 1000 0000 0000 nop  
ARCH:    INUM:       32 PC: 0x0040
VERILOG: INUM:       32 PC: 0x0040
INST:    0000 1000 0000 0000 nop  
ARCH:    INUM:       33 PC: 0x0042
VERILOG: INUM:       33 PC: 0x0042
INST:    0000 1000 0000 0000 nop  
ARCH:    INUM:       34 PC: 0x0044
VERILOG: INUM:       34 PC: 0x0044
INST:    1101 1010 0001 0001 sub r4, r2, r0  
ARCH:    INUM:       35 PC: 0x0046 REG: 4 VALUE: 0x003f
VERILOG: INUM:       35 PC: 0x0046 REG: 4 VALUE: 0x003f
INST:    0000 1000 0000 0000 nop  
ARCH:    INUM:       36 PC: 0x0048
VERILOG: INUM:       36 PC: 0x0048
INST:    1100 0001 1110 1000 lbi r1, 0xe8  
ARCH:    INUM:       37 PC: 0x004a REG: 1 VALUE: 0xffe8
VERILOG: INUM:       37 PC: 0x004a REG: 1 VALUE: 0xffe8
INST:    0000 1000 0000 0000 nop  
ARCH:    INUM:       38 PC: 0x004c
VERILOG: INUM:       38 PC: 0x004c
INST:    0000 1000 0000 0000 nop  
ARCH:    INUM:       39 PC: 0x004e
VERILOG: INUM:       39 PC: 0x004e
INST:    0000 1000 0000 0000 nop  
ARCH:    INUM:       40 PC: 0x0050
VERILOG: INUM:       40 PC: 0x0050
INST:    0000 1000 0000 0000 nop  
ARCH:    INUM:       41 PC: 0x0052
VERILOG: INUM:       41 PC: 0x0052
INST:    0000 1000 0000 0000 nop  
ARCH:    INUM:       42 PC: 0x0054
VERILOG: INUM:       42 PC: 0x0054
INST:    0100 1001 1100 1000 subi r6, r1, 8  
ARCH:    INUM:       43 PC: 0x0056 REG: 6 VALUE: 0x0020
VERILOG: INUM:       43 PC: 0x0056 REG: 6 VALUE: 0x0020
INST:    0000 1000 0000 0000 nop  
ARCH:    INUM:       44 PC: 0x0058
VERILOG: INUM:       44 PC: 0x0058
INST:    0000 1000 0000 0000 nop  
ARCH:    INUM:       45 PC: 0x005a
VERILOG: INUM:       45 PC: 0x005a
INST:    0000 1000 0000 0000 nop  
ARCH:    INUM:       46 PC: 0x005c
VERILOG: INUM:       46 PC: 0x005c
INST:    0000 1000 0000 0000 nop  
ARCH:    INUM:       47 PC: 0x005e
VERILOG: INUM:       47 PC: 0x005e
INST:    0000 1000 0000 0000 nop  
ARCH:    INUM:       48 PC: 0x0060
VERILOG: INUM:       48 PC: 0x0060
INST:    1101 1100 1101 0101 sub r5, r4, r6  
ARCH:    INUM:       49 PC: 0x0062 REG: 5 VALUE: 0xffe1
VERILOG: INUM:       49 PC: 0x0062 REG: 5 VALUE: 0xffe1
INST:    0000 1000 0000 0000 nop  
ARCH:    INUM:       50 PC: 0x0064
VERILOG: INUM:       50 PC: 0x0064
INST:    1001 0000 1111 0000 slbi r0, 0xf0 ***DIFF***
ARCH:    INUM:       51 PC: 0x0066 REG: 0 VALUE: 0x40f0
VERILOG: INUM:       51 PC: 0x0066 REG: 0 VALUE: 0xfff0
INST:    0000 1000 0000 0000 nop  
ARCH:    INUM:       52 PC: 0x0068
VERILOG: INUM:       52 PC: 0x0068
INST:    0000 1000 0000 0000 nop  
ARCH:    INUM:       53 PC: 0x006a
VERILOG: INUM:       53 PC: 0x006a
INST:    0000 1000 0000 0000 nop  
ARCH:    INUM:       54 PC: 0x006c
VERILOG: INUM:       54 PC: 0x006c
INST:    0000 1000 0000 0000 nop  
ARCH:    INUM:       55 PC: 0x006e
VERILOG: INUM:       55 PC: 0x006e
INST:    0000 1000 0000 0000 nop  
ARCH:    INUM:       56 PC: 0x0070
VERILOG: INUM:       56 PC: 0x0070
INST:    1001 0000 0000 1111 slbi r0, 0x0f  
ARCH:    INUM:       57 PC: 0x0072 REG: 0 VALUE: 0xf00f
VERILOG: INUM:       57 PC: 0x0072 REG: 0 VALUE: 0xf00f
INST:    0000 1000 0000 0000 nop  
ARCH:    INUM:       58 PC: 0x0074
VERILOG: INUM:       58 PC: 0x0074
INST:    1100 0001 0101 0101 lbi r1, 0x55  
ARCH:    INUM:       59 PC: 0x0076 REG: 1 VALUE: 0x0055
VERILOG: INUM:       59 PC: 0x0076 REG: 1 VALUE: 0x0055
INST:    0000 1000 0000 0000 nop  
ARCH:    INUM:       60 PC: 0x0078
VERILOG: INUM:       60 PC: 0x0078
INST:    0000 1000 0000 0000 nop  
ARCH:    INUM:       61 PC: 0x007a
VERILOG: INUM:       61 PC: 0x007a
INST:    0000 1000 0000 0000 nop  
ARCH:    INUM:       62 PC: 0x007c
VERILOG: INUM:       62 PC: 0x007c
INST:    0000 1000 0000 0000 nop  
ARCH:    INUM:       63 PC: 0x007e
VERILOG: INUM:       63 PC: 0x007e
INST:    0000 1000 0000 0000 nop  
ARCH:    INUM:       64 PC: 0x0080
VERILOG: INUM:       64 PC: 0x0080
INST:    1001 0001 1010 1010 slbi r1, 0xaa ***DIFF***
ARCH:    INUM:       65 PC: 0x0082 REG: 1 VALUE: 0x55aa
VERILOG: INUM:       65 PC: 0x0082 REG: 1 VALUE: 0xffaa
INST:    0000 1000 0000 0000 nop  
ARCH:    INUM:       66 PC: 0x0084
VERILOG: INUM:       66 PC: 0x0084
INST:    0000 1000 0000 0000 nop  
ARCH:    INUM:       67 PC: 0x0086
VERILOG: INUM:       67 PC: 0x0086
INST:    0000 1000 0000 0000 nop  
ARCH:    INUM:       68 PC: 0x0088
VERILOG: INUM:       68 PC: 0x0088
INST:    0000 1000 0000 0000 nop  
ARCH:    INUM:       69 PC: 0x008a
VERILOG: INUM:       69 PC: 0x008a
INST:    0000 1000 0000 0000 nop  
ARCH:    INUM:       70 PC: 0x008c
VERILOG: INUM:       70 PC: 0x008c
INST:    1101 1000 0010 1010 xor r2, r0, r1 ***DIFF***
ARCH:    INUM:       71 PC: 0x008e REG: 2 VALUE: 0xa5a5
VERILOG: INUM:       71 PC: 0x008e REG: 2 VALUE: 0x0fa5
INST:    0000 1000 0000 0000 nop  
ARCH:    INUM:       72 PC: 0x0090
VERILOG: INUM:       72 PC: 0x0090
INST:    0000 1000 0000 0000 nop  
ARCH:    INUM:       73 PC: 0x0092
VERILOG: INUM:       73 PC: 0x0092
INST:    0000 1000 0000 0000 nop  
ARCH:    INUM:       74 PC: 0x0094
VERILOG: INUM:       74 PC: 0x0094
INST:    0000 1000 0000 0000 nop  
ARCH:    INUM:       75 PC: 0x0096
VERILOG: INUM:       75 PC: 0x0096
INST:    0000 1000 0000 0000 nop  
ARCH:    INUM:       76 PC: 0x0098
VERILOG: INUM:       76 PC: 0x0098
INST:    0101 0010 1100 0011 xori r6, r2, 3 ***DIFF***
ARCH:    INUM:       77 PC: 0x009a REG: 6 VALUE: 0xa5a6
VERILOG: INUM:       77 PC: 0x009a REG: 6 VALUE: 0x0fa6
INST:    0000 1000 0000 0000 nop  
ARCH:    INUM:       78 PC: 0x009c
VERILOG: INUM:       78 PC: 0x009c
INST:    1101 1000 0010 1011 andn r2, r0, r1 ***DIFF***
ARCH:    INUM:       79 PC: 0x009e REG: 2 VALUE: 0xa005
VERILOG: INUM:       79 PC: 0x009e REG: 2 VALUE: 0x0005
INST:    0000 1000 0000 0000 nop  
ARCH:    INUM:       80 PC: 0x00a0
VERILOG: INUM:       80 PC: 0x00a0
INST:    0000 1000 0000 0000 nop  
ARCH:    INUM:       81 PC: 0x00a2
VERILOG: INUM:       81 PC: 0x00a2
INST:    0000 1000 0000 0000 nop  
ARCH:    INUM:       82 PC: 0x00a4
VERILOG: INUM:       82 PC: 0x00a4
INST:    0000 1000 0000 0000 nop  
ARCH:    INUM:       83 PC: 0x00a6
VERILOG: INUM:       83 PC: 0x00a6
INST:    0000 1000 0000 0000 nop  
ARCH:    INUM:       84 PC: 0x00a8
VERILOG: INUM:       84 PC: 0x00a8
INST:    0101 1010 0010 0001 andni r1, r2, 1 ***DIFF***
ARCH:    INUM:       85 PC: 0x00aa REG: 1 VALUE: 0xa004
VERILOG: INUM:       85 PC: 0x00aa REG: 1 VALUE: 0x0004
INST:    0000 1000 0000 0000 nop  
ARCH:    INUM:       86 PC: 0x00ac
VERILOG: INUM:       86 PC: 0x00ac
INST:    0000 1000 0000 0000 nop  
ARCH:    INUM:       87 PC: 0x00ae
VERILOG: INUM:       87 PC: 0x00ae
INST:    0000 1000 0000 0000 nop  
ARCH:    INUM:       88 PC: 0x00b0
VERILOG: INUM:       88 PC: 0x00b0
INST:    0000 1000 0000 0000 nop  
ARCH:    INUM:       89 PC: 0x00b2
VERILOG: INUM:       89 PC: 0x00b2
INST:    0000 1000 0000 0000 nop  
ARCH:    INUM:       90 PC: 0x00b4
VERILOG: INUM:       90 PC: 0x00b4
INST:    1101 1011 0010 1100 add r3, r3, r1 ***DIFF***
ARCH:    INUM:       91 PC: 0x00b6 REG: 3 VALUE: 0xa00b
VERILOG: INUM:       91 PC: 0x00b6 REG: 3 VALUE: 0x000b
INST:    0000 1000 0000 0000 nop  
ARCH:    INUM:       92 PC: 0x00b8
VERILOG: INUM:       92 PC: 0x00b8
INST:    0000 1000 0000 0000 nop  
ARCH:    INUM:       93 PC: 0x00ba
VERILOG: INUM:       93 PC: 0x00ba
INST:    0000 1000 0000 0000 nop  
ARCH:    INUM:       94 PC: 0x00bc
VERILOG: INUM:       94 PC: 0x00bc
INST:    0000 1000 0000 0000 nop  
ARCH:    INUM:       95 PC: 0x00be
VERILOG: INUM:       95 PC: 0x00be
INST:    0000 1000 0000 0000 nop  
ARCH:    INUM:       96 PC: 0x00c0
VERILOG: INUM:       96 PC: 0x00c0
INST:    1101 1111 0110 1100 add r3, r7, r3 ***DIFF***
ARCH:    INUM:       97 PC: 0x00c2 REG: 3 VALUE: 0xa00b
VERILOG: INUM:       97 PC: 0x00c2 REG: 3 VALUE: 0x000b
INST:    0000 1000 0000 0000 nop  
ARCH:    INUM:       98 PC: 0x00c4
VERILOG: INUM:       98 PC: 0x00c4
INST:    0000 1000 0000 0000 nop  
ARCH:    INUM:       99 PC: 0x00c6
VERILOG: INUM:       99 PC: 0x00c6
INST:    0000 1000 0000 0000 nop  
ARCH:    INUM:      100 PC: 0x00c8
VERILOG: INUM:      100 PC: 0x00c8
INST:    0000 1000 0000 0000 nop  
ARCH:    INUM:      101 PC: 0x00ca
VERILOG: INUM:      101 PC: 0x00ca
INST:    0000 1000 0000 0000 nop  
ARCH:    INUM:      102 PC: 0x00cc
VERILOG: INUM:      102 PC: 0x00cc
INST:    1101 1011 1010 1100 add r3, r3, r5 ***DIFF***
ARCH:    INUM:      103 PC: 0x00ce REG: 3 VALUE: 0x9fec
VERILOG: INUM:      103 PC: 0x00ce REG: 3 VALUE: 0xffec
INST:    0000 1000 0000 0000 nop  
ARCH:    INUM:      104 PC: 0x00d0
VERILOG: INUM:      104 PC: 0x00d0
INST:    0000 1000 0000 0000 nop  
ARCH:    INUM:      105 PC: 0x00d2
VERILOG: INUM:      105 PC: 0x00d2
INST:    0000 1000 0000 0000 nop  
ARCH:    INUM:      106 PC: 0x00d4
VERILOG: INUM:      106 PC: 0x00d4
INST:    0000 1000 0000 0000 nop  
ARCH:    INUM:      107 PC: 0x00d6
VERILOG: INUM:      107 PC: 0x00d6
INST:    0000 1000 0000 0000 nop  
ARCH:    INUM:      108 PC: 0x00d8
VERILOG: INUM:      108 PC: 0x00d8
INST:    1101 1011 1101 1100 add r7, r3, r6 ***DIFF***
ARCH:    INUM:      109 PC: 0x00da REG: 7 VALUE: 0x4592
VERILOG: INUM:      109 PC: 0x00da REG: 7 VALUE: 0x0f92
INST:    0000 1000 0000 0000 nop  
ARCH:    INUM:      110 PC: 0x00dc
VERILOG: INUM:      110 PC: 0x00dc
INST:    0000 1000 0000 0000 nop  
ARCH:    INUM:      111 PC: 0x00de
VERILOG: INUM:      111 PC: 0x00de
INST:    0000 1000 0000 0000 nop  
ARCH:    INUM:      112 PC: 0x00e0
VERILOG: INUM:      112 PC: 0x00e0
INST:    0000 1000 0000 0000 nop  
ARCH:    INUM:      113 PC: 0x00e2
VERILOG: INUM:      113 PC: 0x00e2
INST:    0000 1000 0000 0000 nop  
ARCH:    INUM:      114 PC: 0x00e4
VERILOG: INUM:      114 PC: 0x00e4
INST:    1100 0000 0001 0010 lbi r0, 0x12  
ARCH:    INUM:      115 PC: 0x00e6 REG: 0 VALUE: 0x0012
VERILOG: INUM:      115 PC: 0x00e6 REG: 0 VALUE: 0x0012
INST:    0000 1000 0000 0000 nop  
ARCH:    INUM:      116 PC: 0x00e8
VERILOG: INUM:      116 PC: 0x00e8
INST:    0000 1000 0000 0000 nop  
ARCH:    INUM:      117 PC: 0x00ea
VERILOG: INUM:      117 PC: 0x00ea
INST:    0000 1000 0000 0000 nop  
ARCH:    INUM:      118 PC: 0x00ec
VERILOG: INUM:      118 PC: 0x00ec
INST:    0000 1000 0000 0000 nop  
ARCH:    INUM:      119 PC: 0x00ee
VERILOG: INUM:      119 PC: 0x00ee
INST:    0000 1000 0000 0000 nop  
ARCH:    INUM:      120 PC: 0x00f0
VERILOG: INUM:      120 PC: 0x00f0
INST:    1001 0000 0011 0100 slbi r0, 0x34  
ARCH:    INUM:      121 PC: 0x00f2 REG: 0 VALUE: 0x1234
VERILOG: INUM:      121 PC: 0x00f2 REG: 0 VALUE: 0x1234
INST:    0000 1000 0000 0000 nop  
ARCH:    INUM:      122 PC: 0x00f4
VERILOG: INUM:      122 PC: 0x00f4
INST:    1100 0001 0101 0110 lbi r1, 0x56  
ARCH:    INUM:      123 PC: 0x00f6 REG: 1 VALUE: 0x0056
VERILOG: INUM:      123 PC: 0x00f6 REG: 1 VALUE: 0x0056
INST:    0000 1000 0000 0000 nop  
ARCH:    INUM:      124 PC: 0x00f8
VERILOG: INUM:      124 PC: 0x00f8
INST:    0000 1000 0000 0000 nop  
ARCH:    INUM:      125 PC: 0x00fa
VERILOG: INUM:      125 PC: 0x00fa
INST:    0000 1000 0000 0000 nop  
ARCH:    INUM:      126 PC: 0x00fc
VERILOG: INUM:      126 PC: 0x00fc
INST:    0000 1000 0000 0000 nop  
ARCH:    INUM:      127 PC: 0x00fe
VERILOG: INUM:      127 PC: 0x00fe
INST:    0000 1000 0000 0000 nop  
ARCH:    INUM:      128 PC: 0x0100
VERILOG: INUM:      128 PC: 0x0100
INST:    1001 0001 0111 1000 slbi r1, 0x78  
ARCH:    INUM:      129 PC: 0x0102 REG: 1 VALUE: 0x5678
VERILOG: INUM:      129 PC: 0x0102 REG: 1 VALUE: 0x5678
INST:    0000 1000 0000 0000 nop  
ARCH:    INUM:      130 PC: 0x0104
VERILOG: INUM:      130 PC: 0x0104
INST:    1100 0010 1010 1011 lbi r2, 0xab  
ARCH:    INUM:      131 PC: 0x0106 REG: 2 VALUE: 0xffab
VERILOG: INUM:      131 PC: 0x0106 REG: 2 VALUE: 0xffab
INST:    0000 1000 0000 0000 nop  
ARCH:    INUM:      132 PC: 0x0108
VERILOG: INUM:      132 PC: 0x0108
INST:    0000 1000 0000 0000 nop  
ARCH:    INUM:      133 PC: 0x010a
VERILOG: INUM:      133 PC: 0x010a
INST:    0000 1000 0000 0000 nop  
ARCH:    INUM:      134 PC: 0x010c
VERILOG: INUM:      134 PC: 0x010c
INST:    0000 1000 0000 0000 nop  
ARCH:    INUM:      135 PC: 0x010e
VERILOG: INUM:      135 PC: 0x010e
INST:    0000 1000 0000 0000 nop  
ARCH:    INUM:      136 PC: 0x0110
VERILOG: INUM:      136 PC: 0x0110
INST:    1001 0010 1100 1101 slbi r2, 0xcd ***DIFF***
ARCH:    INUM:      137 PC: 0x0112 REG: 2 VALUE: 0xabcd
VERILOG: INUM:      137 PC: 0x0112 REG: 2 VALUE: 0xffcd
INST:    0000 1000 0000 0000 nop  
ARCH:    INUM:      138 PC: 0x0114
VERILOG: INUM:      138 PC: 0x0114
INST:    1101 1000 0010 1100 add r3, r0, r1  
ARCH:    INUM:      139 PC: 0x0116 REG: 3 VALUE: 0x68ac
VERILOG: INUM:      139 PC: 0x0116 REG: 3 VALUE: 0x68ac
INST:    0000 1000 0000 0000 nop  
ARCH:    INUM:      140 PC: 0x0118
VERILOG: INUM:      140 PC: 0x0118
INST:    0000 1000 0000 0000 nop  
ARCH:    INUM:      141 PC: 0x011a
VERILOG: INUM:      141 PC: 0x011a
INST:    0000 1000 0000 0000 nop  
ARCH:    INUM:      142 PC: 0x011c
VERILOG: INUM:      142 PC: 0x011c
INST:    1101 1000 0101 0000 add r4, r0, r2 ***DIFF***
ARCH:    INUM:      143 PC: 0x011e REG: 4 VALUE: 0xbe01
VERILOG: INUM:      143 PC: 0x011e REG: 4 VALUE: 0x1201
INST:    0000 1000 0000 0000 nop  
ARCH:    INUM:      144 PC: 0x0120
VERILOG: INUM:      144 PC: 0x0120
INST:    1101 1001 0101 0100 add r5, r1, r2 ***DIFF***
ARCH:    INUM:      145 PC: 0x0122 REG: 5 VALUE: 0x0245
VERILOG: INUM:      145 PC: 0x0122 REG: 5 VALUE: 0x5645
INST:    0000 1000 0000 0000 nop  
ARCH:    INUM:      146 PC: 0x0124
VERILOG: INUM:      146 PC: 0x0124
INST:    1101 1011 0101 1000 add r6, r3, r2 ***DIFF***
ARCH:    INUM:      147 PC: 0x0126 REG: 6 VALUE: 0x1479
VERILOG: INUM:      147 PC: 0x0126 REG: 6 VALUE: 0x6879
INST:    0000 1000 0000 0000 nop  
ARCH:    INUM:      148 PC: 0x0128
VERILOG: INUM:      148 PC: 0x0128
INST:    1101 1100 0010 1000 add r2, r4, r1 ***DIFF***
ARCH:    INUM:      149 PC: 0x012a REG: 2 VALUE: 0x1479
VERILOG: INUM:      149 PC: 0x012a REG: 2 VALUE: 0x6879
INST:    0000 1000 0000 0000 nop  
ARCH:    INUM:      150 PC: 0x012c
VERILOG: INUM:      150 PC: 0x012c
INST:    1101 1101 0000 0100 add r1, r5, r0 ***DIFF***
ARCH:    INUM:      151 PC: 0x012e REG: 1 VALUE: 0x1479
VERILOG: INUM:      151 PC: 0x012e REG: 1 VALUE: 0x6879
INST:    0000 1000 0000 0000 nop  
ARCH:    INUM:      152 PC: 0x0130
VERILOG: INUM:      152 PC: 0x0130
INST:    0000 1000 0000 0000 nop  
ARCH:    INUM:      153 PC: 0x0132
VERILOG: INUM:      153 PC: 0x0132
INST:    0000 1000 0000 0000 nop  
ARCH:    INUM:      154 PC: 0x0134
VERILOG: INUM:      154 PC: 0x0134
INST:    0000 1000 0000 0000 nop  
ARCH:    INUM:      155 PC: 0x0136
VERILOG: INUM:      155 PC: 0x0136
INST:    0000 1000 0000 0000 nop  
ARCH:    INUM:      156 PC: 0x0138
VERILOG: INUM:      156 PC: 0x0138
INST:    1101 1001 0100 0000 add r0, r1, r2 ***DIFF***
ARCH:    INUM:      157 PC: 0x013a REG: 0 VALUE: 0x28f2
VERILOG: INUM:      157 PC: 0x013a REG: 0 VALUE: 0xd0f2
INST:    0000 1000 0000 0000 nop  
ARCH:    INUM:      158 PC: 0x013c
VERILOG: INUM:      158 PC: 0x013c
INST:    0000 1000 0000 0000 nop  
ARCH:    INUM:      159 PC: 0x013e
VERILOG: INUM:      159 PC: 0x013e
INST:    0000 1000 0000 0000 nop  
ARCH:    INUM:      160 PC: 0x0140
VERILOG: INUM:      160 PC: 0x0140
INST:    0000 1000 0000 0000 nop  
ARCH:    INUM:      161 PC: 0x0142
VERILOG: INUM:      161 PC: 0x0142
INST:    0000 1000 0000 0000 nop  
ARCH:    INUM:      162 PC: 0x0144
VERILOG: INUM:      162 PC: 0x0144
INST:    1101 1000 1100 0000 add r0, r0, r6 ***DIFF***
ARCH:    INUM:      163 PC: 0x0146 REG: 0 VALUE: 0x3d6b
VERILOG: INUM:      163 PC: 0x0146 REG: 0 VALUE: 0x396b
INST:    0000 1000 0000 0000 nop  
ARCH:    INUM:      164 PC: 0x0148
VERILOG: INUM:      164 PC: 0x0148
INST:    0000 1000 0000 0000 nop  
ARCH:    INUM:      165 PC: 0x014a
VERILOG: INUM:      165 PC: 0x014a
INST:    0000 1000 0000 0000 nop  
ARCH:    INUM:      166 PC: 0x014c
VERILOG: INUM:      166 PC: 0x014c
INST:    0000 1000 0000 0000 nop  
ARCH:    INUM:      167 PC: 0x014e
VERILOG: INUM:      167 PC: 0x014e
INST:    0000 1000 0000 0000 nop  
ARCH:    INUM:      168 PC: 0x0150
VERILOG: INUM:      168 PC: 0x0150
INST:    1101 1000 1111 1100 add r7, r0, r7 ***DIFF***
ARCH:    INUM:      169 PC: 0x0152 REG: 7 VALUE: 0x82fd
VERILOG: INUM:      169 PC: 0x0152 REG: 7 VALUE: 0x48fd
INST:    0000 1000 0000 0000 nop  
ARCH:    INUM:      170 PC: 0x0154
VERILOG: INUM:      170 PC: 0x0154
INST:    0000 1000 0000 0000 nop  
ARCH:    INUM:      171 PC: 0x0156
VERILOG: INUM:      171 PC: 0x0156
INST:    0000 1000 0000 0000 nop  
ARCH:    INUM:      172 PC: 0x0158
VERILOG: INUM:      172 PC: 0x0158
INST:    0000 1000 0000 0000 nop  
ARCH:    INUM:      173 PC: 0x015a
VERILOG: INUM:      173 PC: 0x015a
INST:    0000 1000 0000 0000 nop  
ARCH:    INUM:      174 PC: 0x015c
VERILOG: INUM:      174 PC: 0x015c
INST:    0000 0000 0000 0000 halt  
ARCH:    INUM:      175 PC: 0x015e
VERILOG: INUM:      175 PC: 0x015e
