INUM:        0 PC: 0x0000 REG: 0 VALUE: 0x0001
INUM:        1 PC: 0x0002 REG: 1 VALUE: 0x0002
INUM:        2 PC: 0x0004 REG: 4 VALUE: 0x0010
INUM:        3 PC: 0x0006 REG: 4 VALUE: 0x0040
INUM:        4 PC: 0x0008 REG: 5 VALUE: 0x0042
INUM:        5 PC: 0x000a REG: 6 VALUE: 0x0108
INUM:        6 PC: 0x000c REG: 7 VALUE: 0x014a
INUM:        7 PC: 0x000e REG: 0 VALUE: 0x14a0
INUM:        8 PC: 0x0010 REG: 1 VALUE: 0xa000
INUM:        9 PC: 0x0012 REG: 2 VALUE: 0x2800
INUM:       10 PC: 0x0014 REG: 7 VALUE: 0xc800
INUM:       11 PC: 0x0016 REG: 0 VALUE: 0x0002
INUM:       12 PC: 0x0018 REG: 1 VALUE: 0x0004
INUM:       13 PC: 0x001a REG: 2 VALUE: 0x0020
INUM:       14 PC: 0x001c REG: 3 VALUE: 0x0080
INUM:       15 PC: 0x001e REG: 4 VALUE: 0x0084
INUM:       16 PC: 0x0020 REG: 5 VALUE: 0x0840
INUM:       17 PC: 0x0022 REG: 6 VALUE: 0x08c4
INUM:       18 PC: 0x0024 REG: 0 VALUE: 0x6204
INUM:       19 PC: 0x0026 REG: 1 VALUE: 0x0462
INUM:       20 PC: 0x0028 REG: 2 VALUE: 0x8118
INUM:       21 PC: 0x002a REG: 1 VALUE: 0x857a
INUM:       22 PC: 0x002c REG: 7 VALUE: 0x4d7a
INUM:       23 PC: 0x002e REG: 0 VALUE: 0x0040
INUM:       24 PC: 0x0030 REG: 0 VALUE: 0x4050
INUM:       25 PC: 0x0032 REG: 1 VALUE: 0x2028
INUM:       26 PC: 0x0034 REG: 2 VALUE: 0x4101
INUM:       27 PC: 0x0036 REG: 3 VALUE: 0x8202
INUM:       28 PC: 0x0038 REG: 3 VALUE: 0xa22a
INUM:       29 PC: 0x003a REG: 4 VALUE: 0x5115
INUM:       30 PC: 0x003c REG: 5 VALUE: 0xa88a
INUM:       31 PC: 0x003e REG: 6 VALUE: 0xaa22
INUM:       32 PC: 0x0040 REG: 0 VALUE: 0x5511
INUM:       33 PC: 0x0042 REG: 1 VALUE: 0x2aa2
INUM:       34 PC: 0x0044 REG: 2 VALUE: 0x1155
INUM:       35 PC: 0x0046 REG: 2 VALUE: 0x3bf7
INUM:       36 PC: 0x0048 REG: 2 VALUE: 0x9108
INUM:       37 PC: 0x004a REG: 2 VALUE: 0x3b2a
INUM:       38 PC: 0x004c REG: 2 VALUE: 0xe3b4
INUM:       39 PC: 0x004e REG: 2 VALUE: 0x34c9
INUM:       40 PC: 0x0050 REG: 7 VALUE: 0x8243
INUM:       41 PC: 0x0052 REG: 0 VALUE: 0x0040
INUM:       42 PC: 0x0054 REG: 0 VALUE: 0x4050
INUM:       43 PC: 0x0056 REG: 1 VALUE: 0x2028
INUM:       44 PC: 0x0058 REG: 2 VALUE: 0x0101
INUM:       45 PC: 0x005a REG: 3 VALUE: 0x8202
INUM:       46 PC: 0x005c REG: 3 VALUE: 0xa22a
INUM:       47 PC: 0x005e REG: 4 VALUE: 0x5115
INUM:       48 PC: 0x0060 REG: 5 VALUE: 0x288a
INUM:       49 PC: 0x0062 REG: 6 VALUE: 0x1445
INUM:       50 PC: 0x0064 REG: 0 VALUE: 0x0144
INUM:       51 PC: 0x0066 REG: 1 VALUE: 0x0051
INUM:       52 PC: 0x0068 REG: 2 VALUE: 0x0002
INUM:       53 PC: 0x006a REG: 2 VALUE: 0x0053
INUM:       54 PC: 0x006c REG: 2 VALUE: 0x0197
INUM:       55 PC: 0x006e REG: 2 VALUE: 0x15dc
INUM:       56 PC: 0x0070 REG: 2 VALUE: 0x3e66
INUM:       57 PC: 0x0072 REG: 2 VALUE: 0x8f7b
INUM:       58 PC: 0x0074 REG: 7 VALUE: 0x11be
INUM:       59 PC: 0x0076 REG: 0 VALUE: 0x0012
INUM:       60 PC: 0x0078 REG: 1 VALUE: 0x4800
INUM:       61 PC: 0x007a REG: 2 VALUE: 0x9000
INUM:       62 PC: 0x007c REG: 3 VALUE: 0x0012
INUM:       63 PC: 0x007e REG: 4 VALUE: 0x0009
INUM:       64 PC: 0x0080 REG: 0 VALUE: 0xfffe
INUM:       65 PC: 0x0082 REG: 0 VALUE: 0xfe01
INUM:       66 PC: 0x0084 REG: 1 VALUE: 0xff9a
INUM:       67 PC: 0x0086 REG: 1 VALUE: 0x9aff
INUM:       68 PC: 0x0088 REG: 2 VALUE: 0x0078
INUM:       69 PC: 0x008a REG: 2 VALUE: 0x7888
INUM:       70 PC: 0x008c REG: 3 VALUE: 0x0000
INUM:       71 PC: 0x008e REG: 4 VALUE: 0x0001
INUM:       72 PC: 0x0090 REG: 5 VALUE: 0x0002
INUM:       73 PC: 0x0092 REG: 3 VALUE: 0x0002
INUM:       74 PC: 0x0094 REG: 4 VALUE: 0x0000
INUM:       75 PC: 0x0096 REG: 5 VALUE: 0x0000
INUM:       76 PC: 0x0098 REG: 3 VALUE: 0x0002
INUM:       77 PC: 0x009a REG: 4 VALUE: 0x0001
INUM:       78 PC: 0x009c REG: 5 VALUE: 0x0008
INUM:       79 PC: 0x009e REG: 3 VALUE: 0x000a
INUM:       80 PC: 0x00a0 REG: 4 VALUE: 0x0000
INUM:       81 PC: 0x00a2 REG: 5 VALUE: 0x0000
INUM:       82 PC: 0x00a4 REG: 3 VALUE: 0x000a
INUM:       83 PC: 0x00a6 REG: 4 VALUE: 0x0000
INUM:       84 PC: 0x00a8 REG: 5 VALUE: 0x0000
INUM:       85 PC: 0x00aa REG: 3 VALUE: 0x000a
INUM:       86 PC: 0x00ac REG: 4 VALUE: 0x0001
INUM:       87 PC: 0x00ae REG: 5 VALUE: 0x0040
INUM:       88 PC: 0x00b0 REG: 3 VALUE: 0x004a
INUM:       89 PC: 0x00b2 REG: 4 VALUE: 0x0001
INUM:       90 PC: 0x00b4 REG: 5 VALUE: 0x0080
INUM:       91 PC: 0x00b6 REG: 3 VALUE: 0x00ca
INUM:       92 PC: 0x00b8 REG: 4 VALUE: 0x0000
INUM:       93 PC: 0x00ba REG: 5 VALUE: 0x0000
INUM:       94 PC: 0x00bc REG: 3 VALUE: 0x00ca
INUM:       95 PC: 0x00be REG: 7 VALUE: 0x1288
INUM:       96 PC: 0x00c0 REG: 7 VALUE: 0x1288
INUM:       97 PC: 0x00c2
INUM:       98 PC: 0x00c4 ADDR: 0x0000 VALUE: 0xzzzz
INUM:       99 PC: 0x00c6 ADDR: 0x0000 VALUE: 0xzzzz
INUM:      100 PC: 0x00c8
INUM:      101 PC: 0x00ca
INUM:      102 PC: 0x00cc
INUM:      103 PC: 0x00ce
INUM:      104 PC: 0x00d0
INUM:      105 PC: 0x00d2
INUM:      106 PC: 0x00d4
INUM:      107 PC: 0x00d6
INUM:      108 PC: 0x00d8
INUM:      109 PC: 0x00da
INUM:      110 PC: 0x00dc
INUM:      111 PC: 0x00de
INUM:      112 PC: 0x00e0
INUM:      113 PC: 0x00e2
INUM:      114 PC: 0x00e4
INUM:      115 PC: 0x00e6
INUM:      116 PC: 0x00e8
INUM:      117 PC: 0x00ea
INUM:      118 PC: 0x00ec
INUM:      119 PC: 0x00ee
INUM:      120 PC: 0x00f0
INUM:      121 PC: 0x00f2
INUM:      122 PC: 0x00f4
INUM:      123 PC: 0x00f6
INUM:      124 PC: 0x00f8
INUM:      125 PC: 0x00fa
INUM:      126 PC: 0x00fc
INUM:      127 PC: 0x00fe
INUM:      128 PC: 0x0100
INUM:      129 PC: 0x0102
INUM:      130 PC: 0x0104
INUM:      131 PC: 0x0106
INUM:      132 PC: 0x0108
INUM:      133 PC: 0x010a
INUM:      134 PC: 0x010c
INUM:      135 PC: 0x010e
INUM:      136 PC: 0x0110
INUM:      137 PC: 0x0112
INUM:      138 PC: 0x0114
INUM:      139 PC: 0x0116
INUM:      140 PC: 0x0118
INUM:      141 PC: 0x011a
INUM:      142 PC: 0x011c
INUM:      143 PC: 0x011e
INUM:      144 PC: 0x0120
INUM:      145 PC: 0x0122
INUM:      146 PC: 0x0124
INUM:      147 PC: 0x0126
INUM:      148 PC: 0x0128
INUM:      149 PC: 0x012a
INUM:      150 PC: 0x012c
INUM:      151 PC: 0x012e
INUM:      152 PC: 0x0130
INUM:      153 PC: 0x0132
INUM:      154 PC: 0x0134
INUM:      155 PC: 0x0136
INUM:      156 PC: 0x0138
INUM:      157 PC: 0x013a
INUM:      158 PC: 0x013c
INUM:      159 PC: 0x013e
INUM:      160 PC: 0x0140
INUM:      161 PC: 0x0142
INUM:      162 PC: 0x0144
INUM:      163 PC: 0x0146
INUM:      164 PC: 0x0148
INUM:      165 PC: 0x014a
INUM:      166 PC: 0x014c
INUM:      167 PC: 0x014e
INUM:      168 PC: 0x0150
INUM:      169 PC: 0x0152
INUM:      170 PC: 0x0154
INUM:      171 PC: 0x0156
INUM:      172 PC: 0x0158
INUM:      173 PC: 0x015a
INUM:      174 PC: 0x015c
INUM:      175 PC: 0x015e
INUM:      176 PC: 0x0160
INUM:      177 PC: 0x0162
INUM:      178 PC: 0x0164
INUM:      179 PC: 0x0166
INUM:      180 PC: 0x0168
INUM:      181 PC: 0x016a
INUM:      182 PC: 0x016c
INUM:      183 PC: 0x016e
INUM:      184 PC: 0x0170
INUM:      185 PC: 0x0172
INUM:      186 PC: 0x0174
INUM:      187 PC: 0x0176
INUM:      188 PC: 0x0178
INUM:      189 PC: 0x017a
INUM:      190 PC: 0x017c
INUM:      191 PC: 0x017e
INUM:      192 PC: 0x0180
INUM:      193 PC: 0x0182
INUM:      194 PC: 0x0184
INUM:      195 PC: 0x0186
INUM:      196 PC: 0x0188
INUM:      197 PC: 0x018a
INUM:      198 PC: 0x018c
INUM:      199 PC: 0x018e
INUM:      200 PC: 0x0190
INUM:      201 PC: 0x0192
INUM:      202 PC: 0x0194
INUM:      203 PC: 0x0196
INUM:      204 PC: 0x0198
INUM:      205 PC: 0x019a
INUM:      206 PC: 0x019c
INUM:      207 PC: 0x019e
INUM:      208 PC: 0x01a0
INUM:      209 PC: 0x01a2
INUM:      210 PC: 0x01a4
INUM:      211 PC: 0x01a6
INUM:      212 PC: 0x01a8
INUM:      213 PC: 0x01aa
INUM:      214 PC: 0x01ac
INUM:      215 PC: 0x01ae
INUM:      216 PC: 0x01b0
INUM:      217 PC: 0x01b2
INUM:      218 PC: 0x01b4
INUM:      219 PC: 0x01b6
INUM:      220 PC: 0x01b8
INUM:      221 PC: 0x01ba
INUM:      222 PC: 0x01bc
INUM:      223 PC: 0x01be
INUM:      224 PC: 0x01c0
INUM:      225 PC: 0x01c2
INUM:      226 PC: 0x01c4
INUM:      227 PC: 0x01c6
INUM:      228 PC: 0x01c8
INUM:      229 PC: 0x01ca
INUM:      230 PC: 0x01cc
INUM:      231 PC: 0x01ce
INUM:      232 PC: 0x01d0
INUM:      233 PC: 0x01d2
INUM:      234 PC: 0x01d4
INUM:      235 PC: 0x01d6
INUM:      236 PC: 0x01d8
INUM:      237 PC: 0x01da
INUM:      238 PC: 0x01dc
INUM:      239 PC: 0x01de
INUM:      240 PC: 0x01e0
INUM:      241 PC: 0x01e2
INUM:      242 PC: 0x01e4
INUM:      243 PC: 0x01e6
INUM:      244 PC: 0x01e8
INUM:      245 PC: 0x01ea
INUM:      246 PC: 0x01ec
INUM:      247 PC: 0x01ee
INUM:      248 PC: 0x01f0
INUM:      249 PC: 0x01f2
INUM:      250 PC: 0x01f4
INUM:      251 PC: 0x01f6
INUM:      252 PC: 0x01f8
INUM:      253 PC: 0x01fa
INUM:      254 PC: 0x01fc
INUM:      255 PC: 0x01fe
INUM:      256 PC: 0x0200
INUM:      257 PC: 0x0202
INUM:      258 PC: 0x0204
INUM:      259 PC: 0x0206
INUM:      260 PC: 0x0208
INUM:      261 PC: 0x020a
INUM:      262 PC: 0x020c
INUM:      263 PC: 0x020e
INUM:      264 PC: 0x0210
INUM:      265 PC: 0x0212
INUM:      266 PC: 0x0214
INUM:      267 PC: 0x0216
INUM:      268 PC: 0x0218
INUM:      269 PC: 0x021a
INUM:      270 PC: 0x021c
INUM:      271 PC: 0x021e
INUM:      272 PC: 0x0220
INUM:      273 PC: 0x0222
INUM:      274 PC: 0x0224
INUM:      275 PC: 0x0226
INUM:      276 PC: 0x0228
INUM:      277 PC: 0x022a
INUM:      278 PC: 0x022c
INUM:      279 PC: 0x022e
INUM:      280 PC: 0x0230
INUM:      281 PC: 0x0232
INUM:      282 PC: 0x0234
INUM:      283 PC: 0x0236
INUM:      284 PC: 0x0238
INUM:      285 PC: 0x023a
INUM:      286 PC: 0x023c
INUM:      287 PC: 0x023e
INUM:      288 PC: 0x0240
INUM:      289 PC: 0x0242
INUM:      290 PC: 0x0244
INUM:      291 PC: 0x0246
INUM:      292 PC: 0x0248
INUM:      293 PC: 0x024a
INUM:      294 PC: 0x024c
INUM:      295 PC: 0x024e
INUM:      296 PC: 0x0250
INUM:      297 PC: 0x0252
INUM:      298 PC: 0x0254
INUM:      299 PC: 0x0256
INUM:      300 PC: 0x0258
INUM:      301 PC: 0x025a
INUM:      302 PC: 0x025c
INUM:      303 PC: 0x025e
INUM:      304 PC: 0x0260
INUM:      305 PC: 0x0262
INUM:      306 PC: 0x0264
INUM:      307 PC: 0x0266
INUM:      308 PC: 0x0268
INUM:      309 PC: 0x026a
INUM:      310 PC: 0x026c
INUM:      311 PC: 0x026e
INUM:      312 PC: 0x0270
INUM:      313 PC: 0x0272
INUM:      314 PC: 0x0274
INUM:      315 PC: 0x0276
INUM:      316 PC: 0x0278
INUM:      317 PC: 0x027a
INUM:      318 PC: 0x027c
INUM:      319 PC: 0x027e
INUM:      320 PC: 0x0280
INUM:      321 PC: 0x0282
INUM:      322 PC: 0x0284
INUM:      323 PC: 0x0286
INUM:      324 PC: 0x0288
INUM:      325 PC: 0x028a
INUM:      326 PC: 0x028c
INUM:      327 PC: 0x028e
INUM:      328 PC: 0x0290
INUM:      329 PC: 0x0292
INUM:      330 PC: 0x0294
INUM:      331 PC: 0x0296
INUM:      332 PC: 0x0298
INUM:      333 PC: 0x029a
INUM:      334 PC: 0x029c
INUM:      335 PC: 0x029e
INUM:      336 PC: 0x02a0
INUM:      337 PC: 0x02a2
INUM:      338 PC: 0x02a4
INUM:      339 PC: 0x02a6
INUM:      340 PC: 0x02a8
INUM:      341 PC: 0x02aa
INUM:      342 PC: 0x02ac
INUM:      343 PC: 0x02ae
INUM:      344 PC: 0x02b0
INUM:      345 PC: 0x02b2
INUM:      346 PC: 0x02b4
INUM:      347 PC: 0x02b6
INUM:      348 PC: 0x02b8
INUM:      349 PC: 0x02ba
INUM:      350 PC: 0x02bc
INUM:      351 PC: 0x02be
INUM:      352 PC: 0x02c0
INUM:      353 PC: 0x02c2
INUM:      354 PC: 0x02c4
INUM:      355 PC: 0x02c6
INUM:      356 PC: 0x02c8
INUM:      357 PC: 0x02ca
INUM:      358 PC: 0x02cc
INUM:      359 PC: 0x02ce
INUM:      360 PC: 0x02d0
INUM:      361 PC: 0x02d2
INUM:      362 PC: 0x02d4
INUM:      363 PC: 0x02d6
INUM:      364 PC: 0x02d8
INUM:      365 PC: 0x02da
INUM:      366 PC: 0x02dc
INUM:      367 PC: 0x02de
INUM:      368 PC: 0x02e0
INUM:      369 PC: 0x02e2
INUM:      370 PC: 0x02e4
INUM:      371 PC: 0x02e6
INUM:      372 PC: 0x02e8
INUM:      373 PC: 0x02ea
INUM:      374 PC: 0x02ec
INUM:      375 PC: 0x02ee
INUM:      376 PC: 0x02f0
INUM:      377 PC: 0x02f2
INUM:      378 PC: 0x02f4
INUM:      379 PC: 0x02f6
INUM:      380 PC: 0x02f8
INUM:      381 PC: 0x02fa
INUM:      382 PC: 0x02fc
INUM:      383 PC: 0x02fe
INUM:      384 PC: 0x0300
INUM:      385 PC: 0x0302
INUM:      386 PC: 0x0304
INUM:      387 PC: 0x0306
INUM:      388 PC: 0x0308
INUM:      389 PC: 0x030a
INUM:      390 PC: 0x030c
INUM:      391 PC: 0x030e
INUM:      392 PC: 0x0310
INUM:      393 PC: 0x0312
INUM:      394 PC: 0x0314
INUM:      395 PC: 0x0316
INUM:      396 PC: 0x0318
INUM:      397 PC: 0x031a
INUM:      398 PC: 0x031c
INUM:      399 PC: 0x031e
INUM:      400 PC: 0x0320
INUM:      401 PC: 0x0322
INUM:      402 PC: 0x0324
INUM:      403 PC: 0x0326
INUM:      404 PC: 0x0328
INUM:      405 PC: 0x032a
INUM:      406 PC: 0x032c
INUM:      407 PC: 0x032e
INUM:      408 PC: 0x0330
INUM:      409 PC: 0x0332
INUM:      410 PC: 0x0334
INUM:      411 PC: 0x0336
INUM:      412 PC: 0x0338
INUM:      413 PC: 0x033a
INUM:      414 PC: 0x033c
INUM:      415 PC: 0x033e
INUM:      416 PC: 0x0340
INUM:      417 PC: 0x0342
INUM:      418 PC: 0x0344
INUM:      419 PC: 0x0346
INUM:      420 PC: 0x0348
INUM:      421 PC: 0x034a
INUM:      422 PC: 0x034c
INUM:      423 PC: 0x034e
INUM:      424 PC: 0x0350
INUM:      425 PC: 0x0352
INUM:      426 PC: 0x0354
INUM:      427 PC: 0x0356
INUM:      428 PC: 0x0358
INUM:      429 PC: 0x035a
INUM:      430 PC: 0x035c
INUM:      431 PC: 0x035e
INUM:      432 PC: 0x0360
INUM:      433 PC: 0x0362
INUM:      434 PC: 0x0364
INUM:      435 PC: 0x0366
INUM:      436 PC: 0x0368
INUM:      437 PC: 0x036a
INUM:      438 PC: 0x036c
INUM:      439 PC: 0x036e
INUM:      440 PC: 0x0370
INUM:      441 PC: 0x0372
INUM:      442 PC: 0x0374
INUM:      443 PC: 0x0376
INUM:      444 PC: 0x0378
INUM:      445 PC: 0x037a
INUM:      446 PC: 0x037c
INUM:      447 PC: 0x037e
INUM:      448 PC: 0x0380
INUM:      449 PC: 0x0382
INUM:      450 PC: 0x0384
INUM:      451 PC: 0x0386
INUM:      452 PC: 0x0388
INUM:      453 PC: 0x038a
INUM:      454 PC: 0x038c
INUM:      455 PC: 0x038e
INUM:      456 PC: 0x0390
INUM:      457 PC: 0x0392
INUM:      458 PC: 0x0394
INUM:      459 PC: 0x0396
INUM:      460 PC: 0x0398
INUM:      461 PC: 0x039a
INUM:      462 PC: 0x039c
INUM:      463 PC: 0x039e
INUM:      464 PC: 0x03a0
INUM:      465 PC: 0x03a2
INUM:      466 PC: 0x03a4
INUM:      467 PC: 0x03a6
INUM:      468 PC: 0x03a8
INUM:      469 PC: 0x03aa
INUM:      470 PC: 0x03ac
INUM:      471 PC: 0x03ae
INUM:      472 PC: 0x03b0
INUM:      473 PC: 0x03b2
INUM:      474 PC: 0x03b4
INUM:      475 PC: 0x03b6
INUM:      476 PC: 0x03b8
INUM:      477 PC: 0x03ba
INUM:      478 PC: 0x03bc
INUM:      479 PC: 0x03be
INUM:      480 PC: 0x03c0
INUM:      481 PC: 0x03c2
INUM:      482 PC: 0x03c4
INUM:      483 PC: 0x03c6
INUM:      484 PC: 0x03c8
INUM:      485 PC: 0x03ca
INUM:      486 PC: 0x03cc
INUM:      487 PC: 0x03ce
INUM:      488 PC: 0x03d0
INUM:      489 PC: 0x03d2
INUM:      490 PC: 0x03d4
INUM:      491 PC: 0x03d6
INUM:      492 PC: 0x03d8
INUM:      493 PC: 0x03da
INUM:      494 PC: 0x03dc
INUM:      495 PC: 0x03de
INUM:      496 PC: 0x03e0
INUM:      497 PC: 0x03e2
INUM:      498 PC: 0x03e4
INUM:      499 PC: 0x03e6
INUM:      500 PC: 0x03e8
INUM:      501 PC: 0x03ea
INUM:      502 PC: 0x03ec
INUM:      503 PC: 0x03ee
INUM:      504 PC: 0x03f0
INUM:      505 PC: 0x03f2
INUM:      506 PC: 0x03f4
INUM:      507 PC: 0x03f6
INUM:      508 PC: 0x03f8
INUM:      509 PC: 0x03fa
INUM:      510 PC: 0x03fc
INUM:      511 PC: 0x03fe
INUM:      512 PC: 0x0400
INUM:      513 PC: 0x0402
INUM:      514 PC: 0x0404
INUM:      515 PC: 0x0406
INUM:      516 PC: 0x0408
INUM:      517 PC: 0x040a
INUM:      518 PC: 0x040c
INUM:      519 PC: 0x040e
INUM:      520 PC: 0x0410
INUM:      521 PC: 0x0412
INUM:      522 PC: 0x0414
INUM:      523 PC: 0x0416
INUM:      524 PC: 0x0418
INUM:      525 PC: 0x041a
INUM:      526 PC: 0x041c
INUM:      527 PC: 0x041e
INUM:      528 PC: 0x0420
INUM:      529 PC: 0x0422
INUM:      530 PC: 0x0424
INUM:      531 PC: 0x0426
INUM:      532 PC: 0x0428
INUM:      533 PC: 0x042a
INUM:      534 PC: 0x042c
INUM:      535 PC: 0x042e
INUM:      536 PC: 0x0430
INUM:      537 PC: 0x0432
INUM:      538 PC: 0x0434
INUM:      539 PC: 0x0436
INUM:      540 PC: 0x0438
INUM:      541 PC: 0x043a
INUM:      542 PC: 0x043c
INUM:      543 PC: 0x043e
INUM:      544 PC: 0x0440
INUM:      545 PC: 0x0442
INUM:      546 PC: 0x0444
INUM:      547 PC: 0x0446
INUM:      548 PC: 0x0448
INUM:      549 PC: 0x044a
INUM:      550 PC: 0x044c
INUM:      551 PC: 0x044e
INUM:      552 PC: 0x0450
INUM:      553 PC: 0x0452
INUM:      554 PC: 0x0454
INUM:      555 PC: 0x0456
INUM:      556 PC: 0x0458
INUM:      557 PC: 0x045a
INUM:      558 PC: 0x045c
INUM:      559 PC: 0x045e
INUM:      560 PC: 0x0460
INUM:      561 PC: 0x0462
INUM:      562 PC: 0x0464
INUM:      563 PC: 0x0466
INUM:      564 PC: 0x0468
INUM:      565 PC: 0x046a
INUM:      566 PC: 0x046c
INUM:      567 PC: 0x046e
INUM:      568 PC: 0x0470
INUM:      569 PC: 0x0472
INUM:      570 PC: 0x0474
INUM:      571 PC: 0x0476
INUM:      572 PC: 0x0478
INUM:      573 PC: 0x047a
INUM:      574 PC: 0x047c
INUM:      575 PC: 0x047e
INUM:      576 PC: 0x0480
INUM:      577 PC: 0x0482
INUM:      578 PC: 0x0484
INUM:      579 PC: 0x0486
INUM:      580 PC: 0x0488
INUM:      581 PC: 0x048a
INUM:      582 PC: 0x048c
INUM:      583 PC: 0x048e
INUM:      584 PC: 0x0490
INUM:      585 PC: 0x0492
INUM:      586 PC: 0x0494
INUM:      587 PC: 0x0496
INUM:      588 PC: 0x0498
INUM:      589 PC: 0x049a
INUM:      590 PC: 0x049c
INUM:      591 PC: 0x049e
INUM:      592 PC: 0x04a0
INUM:      593 PC: 0x04a2
INUM:      594 PC: 0x04a4
INUM:      595 PC: 0x04a6
INUM:      596 PC: 0x04a8
INUM:      597 PC: 0x04aa
INUM:      598 PC: 0x04ac
INUM:      599 PC: 0x04ae
INUM:      600 PC: 0x04b0
INUM:      601 PC: 0x04b2
INUM:      602 PC: 0x04b4
INUM:      603 PC: 0x04b6
INUM:      604 PC: 0x04b8
INUM:      605 PC: 0x04ba
INUM:      606 PC: 0x04bc
INUM:      607 PC: 0x04be
INUM:      608 PC: 0x04c0
INUM:      609 PC: 0x04c2
INUM:      610 PC: 0x04c4
INUM:      611 PC: 0x04c6
INUM:      612 PC: 0x04c8
INUM:      613 PC: 0x04ca
INUM:      614 PC: 0x04cc
INUM:      615 PC: 0x04ce
INUM:      616 PC: 0x04d0
INUM:      617 PC: 0x04d2
INUM:      618 PC: 0x04d4
INUM:      619 PC: 0x04d6
INUM:      620 PC: 0x04d8
INUM:      621 PC: 0x04da
INUM:      622 PC: 0x04dc
INUM:      623 PC: 0x04de
INUM:      624 PC: 0x04e0
