SIMLOG:: Cycle           4 PC:     0002 I:     c103 R: 1   0     zzzz M: 0 0     0000     zzzz
SIMLOG:: Cycle           5 PC:     0006 I:     c204 R: 1   0     zzzz M: 0 0     0000     zzzz
SIMLOG:: Cycle           6 PC:     000a I:     0800 R: 0   0     zzzz M: 0 0     xxxx     zzzz
SIMLOG:: Cycle           7 PC:     000e I:     0800 R: 0   0     zzzz M: 0 0     xxxx     zzzz
SIMLOG:: Cycle           8 PC:     0012 I:     da2c R: 1   3     zzzz M: 0 0     0000     zzzz
SIMLOG:: Cycle           9 PC:     0016 I:     c455 R: 1   2     zzzz M: 0 0     0000     zzzz
SIMLOG:: Cycle          10 PC:     001a I:     c5aa R: 1   5     zzzz M: 0 0     0000     zzzz
SIMLOG:: Cycle          11 PC:     001e I:     0800 R: 0   0     zzzz M: 0 0     xxxx     zzzz
SIMLOG:: Cycle          12 PC:     0022 I:     0800 R: 0   0     zzzz M: 0 0     xxxx     zzzz
SIMLOG:: Cycle          13 PC:     0026 I:     dcb8 R: 1   6     zzzz M: 0 0     xxxx     zzzz
SIMLOG:: Cycle          14 PC:     002a I:     0800 R: 0   0     zzzz M: 0 0     xxxx     zzzz
SIMLOG:: Cycle          15 PC:     002e I:     0800 R: 0   0     zzzz M: 0 0     xxxx     zzzz
SIMLOG:: Cycle          16 PC:     0032 I:     46e1 R: 1   7     zzzz M: 0 0     zzzZ     zzzz
SIMLOG:: Cycle          17 PC:     0036 I:     c040 R: 1   2     zzzz M: 0 0     zzzz     zzzz
SIMLOG:: Cycle          18 PC:     003a I:     c201 R: 1   0     zzzz M: 0 0     zzzZ     zzzz
SIMLOG:: Cycle          19 PC:     003e I:     0800 R: 0   0     zzzz M: 0 0     xxxx     zzzz
SIMLOG:: Cycle          20 PC:     0042 I:     0800 R: 0   0     zzzz M: 0 0     xxxx     zzzz
SIMLOG:: Cycle          21 PC:     0046 I:     da11 R: 1   4     zzzz M: 0 0     xxxx     zzzz
SIMLOG:: Cycle          22 PC:     004a I:     c1e8 R: 1   7     zzzz M: 0 0     0000     zzzz
SIMLOG:: Cycle          23 PC:     004e I:     0800 R: 0   0     zzzz M: 0 0     xxxx     zzzz
SIMLOG:: Cycle          24 PC:     0052 I:     0800 R: 0   0     zzzz M: 0 0     xxxx     zzzz
SIMLOG:: Cycle          25 PC:     0056 I:     49c8 R: 1   6     zzzz M: 0 0     0008     zzzz
SIMLOG:: Cycle          26 PC:     005a I:     0800 R: 0   0     zzzz M: 0 0     xxxx     zzzz
SIMLOG:: Cycle          27 PC:     005e I:     0800 R: 0   0     zzzz M: 0 0     xxxx     zzzz
SIMLOG:: Cycle          28 PC:     0062 I:     dcd5 R: 1   5     zzzz M: 0 0     xxxx     zzzz
SIMLOG:: Cycle          29 PC:     0066 I:     90f0 R: 1   7     zzzz M: 0 0     zz00     zzzz
SIMLOG:: Cycle          30 PC:     006a I:     0800 R: 0   0     zzzz M: 0 0     xxxx     zzzz
SIMLOG:: Cycle          31 PC:     006e I:     0800 R: 0   0     zzzz M: 0 0     xxxx     zzzz
SIMLOG:: Cycle          32 PC:     0072 I:     900f R: 1   0     zzzz M: 0 0     000Z     zzzz
SIMLOG:: Cycle          33 PC:     0076 I:     c155 R: 1   2     zzzz M: 0 0     0000     zzzz
SIMLOG:: Cycle          34 PC:     007a I:     0800 R: 0   0     zzzz M: 0 0     xxxx     zzzz
SIMLOG:: Cycle          35 PC:     007e I:     0800 R: 0   0     zzzz M: 0 0     xxxx     zzzz
SIMLOG:: Cycle          36 PC:     0082 I:     91aa R: 1   5     zzzz M: 0 0     0000     zzzz
SIMLOG:: Cycle          37 PC:     0086 I:     0800 R: 0   0     zzzz M: 0 0     xxxx     zzzz
SIMLOG:: Cycle          38 PC:     008a I:     0800 R: 0   0     zzzz M: 0 0     xxxx     zzzz
SIMLOG:: Cycle          39 PC:     008e I:     d82a R: 1   2     zzzz M: 0 0     xxxx     zzzz
SIMLOG:: Cycle          40 PC:     0092 I:     0800 R: 0   0     zzzz M: 0 0     xxxx     zzzz
SIMLOG:: Cycle          41 PC:     0096 I:     0800 R: 0   0     zzzz M: 0 0     xxxx     zzzz
SIMLOG:: Cycle          42 PC:     009a I:     52c3 R: 1   6     zzzz M: 0 0     Zzzz     zzzz
SIMLOG:: Cycle          43 PC:     009e I:     d82b R: 1   2     zzzz M: 0 0     xxxx     zzzz
SIMLOG:: Cycle          44 PC:     00a2 I:     0800 R: 0   0     zzzz M: 0 0     xxxx     zzzz
SIMLOG:: Cycle          45 PC:     00a6 I:     0800 R: 0   0     zzzz M: 0 0     xxxx     zzzz
SIMLOG:: Cycle          46 PC:     00aa I:     5a21 R: 1   1     zzzz M: 0 0     xxxX     zzzz
SIMLOG:: Cycle          47 PC:     00ae I:     0800 R: 0   0     zzzz M: 0 0     xxxx     zzzz
SIMLOG:: Cycle          48 PC:     00b2 I:     0800 R: 0   0     zzzz M: 0 0     xxxx     zzzz
SIMLOG:: Cycle          49 PC:     00b6 I:     db2c R: 1   3     zzzz M: 0 0     xxxx     zzzz
SIMLOG:: Cycle          50 PC:     00ba I:     0800 R: 0   0     zzzz M: 0 0     xxxx     zzzz
SIMLOG:: Cycle          51 PC:     00be I:     0800 R: 0   0     zzzz M: 0 0     xxxx     zzzz
SIMLOG:: Cycle          52 PC:     00c2 I:     df6c R: 1   3     zzzz M: 0 0     xxxx     zzzz
SIMLOG:: Cycle          53 PC:     00c6 I:     0800 R: 0   0     zzzz M: 0 0     xxxx     zzzz
SIMLOG:: Cycle          54 PC:     00ca I:     0800 R: 0   0     zzzz M: 0 0     xxxx     zzzz
SIMLOG:: Cycle          55 PC:     00ce I:     dbac R: 1   3     zzzz M: 0 0     xxxx     zzzz
SIMLOG:: Cycle          56 PC:     00d2 I:     0800 R: 0   0     zzzz M: 0 0     xxxx     zzzz
SIMLOG:: Cycle          57 PC:     00d6 I:     0800 R: 0   0     zzzz M: 0 0     xxxx     zzzz
SIMLOG:: Cycle          58 PC:     00da I:     dbdc R: 1   7     zzzz M: 0 0     xxxx     zzzz
SIMLOG:: Cycle          59 PC:     00de I:     0800 R: 0   0     zzzz M: 0 0     xxxx     zzzz
SIMLOG:: Cycle          60 PC:     00e2 I:     0800 R: 0   0     zzzz M: 0 0     xxxx     zzzz
SIMLOG:: Cycle          61 PC:     00e6 I:     c012 R: 1   0     zzzz M: 0 0     zzzz     zzzz
SIMLOG:: Cycle          62 PC:     00ea I:     0800 R: 0   0     zzzz M: 0 0     xxxx     zzzz
SIMLOG:: Cycle          63 PC:     00ee I:     0800 R: 0   0     zzzz M: 0 0     xxxx     zzzz
SIMLOG:: Cycle          64 PC:     00f2 I:     9034 R: 1   1     zzzz M: 0 0     z00z     zzzz
SIMLOG:: Cycle          65 PC:     00f6 I:     c156 R: 1   2     zzzz M: 0 0     zzzz     zzzz
SIMLOG:: Cycle          66 PC:     00fa I:     0800 R: 0   0     zzzz M: 0 0     xxxx     zzzz
SIMLOG:: Cycle          67 PC:     00fe I:     0800 R: 0   0     zzzz M: 0 0     xxxx     zzzz
SIMLOG:: Cycle          68 PC:     0102 I:     9178 R: 1   3     zzzz M: 0 0     00zz     zzzz
SIMLOG:: Cycle          69 PC:     0106 I:     c2ab R: 1   5     zzzz M: 0 0     00Zz     zzzz
SIMLOG:: Cycle          70 PC:     010a I:     0800 R: 0   0     zzzz M: 0 0     xxxx     zzzz
SIMLOG:: Cycle          71 PC:     010e I:     0800 R: 0   0     zzzz M: 0 0     xxxx     zzzz
SIMLOG:: Cycle          72 PC:     0112 I:     92cd R: 1   6     zzzz M: 0 0     0000     zzzz
SIMLOG:: Cycle          73 PC:     0116 I:     d82c R: 1   3     zzzz M: 0 0     xxxx     zzzz
SIMLOG:: Cycle          74 PC:     011a I:     0800 R: 0   0     zzzz M: 0 0     xxxx     zzzz
SIMLOG:: Cycle          75 PC:     011e I:     d850 R: 1   4     zzzz M: 0 0     xxxx     zzzz
SIMLOG:: Cycle          76 PC:     0122 I:     d954 R: 1   5     zzzz M: 0 0     xxxx     zzzz
SIMLOG:: Cycle          77 PC:     0126 I:     db58 R: 1   6     zzzz M: 0 0     xxxx     zzzz
SIMLOG:: Cycle          78 PC:     012a I:     dc28 R: 1   2     zzzz M: 0 0     xxxx     zzzz
SIMLOG:: Cycle          79 PC:     012e I:     dd04 R: 1   1     zzzz M: 0 0     xxxx     zzzz
SIMLOG:: Cycle          80 PC:     0132 I:     0800 R: 0   0     zzzz M: 0 0     xxxx     zzzz
SIMLOG:: Cycle          81 PC:     0136 I:     0800 R: 0   0     zzzz M: 0 0     xxxx     zzzz
SIMLOG:: Cycle          82 PC:     013a I:     d940 R: 1   0     zzzz M: 0 0     xxxx     zzzz
SIMLOG:: Cycle          83 PC:     013e I:     0800 R: 0   0     zzzz M: 0 0     xxxx     zzzz
SIMLOG:: Cycle          84 PC:     0142 I:     0800 R: 0   0     zzzz M: 0 0     xxxx     zzzz
SIMLOG:: Cycle          85 PC:     0146 I:     d8c0 R: 1   0     zzzz M: 0 0     xxxx     zzzz
SIMLOG:: Cycle          86 PC:     014a I:     0800 R: 0   0     zzzz M: 0 0     xxxx     zzzz
SIMLOG:: Cycle          87 PC:     014e I:     0800 R: 0   0     zzzz M: 0 0     xxxx     zzzz
SIMLOG:: Cycle          88 PC:     0152 I:     d8fc R: 1   7     zzzz M: 0 0     xxxx     zzzz
SIMLOG:: Cycle          89 PC:     0156 I:     0800 R: 0   0     zzzz M: 0 0     xxxx     zzzz
SIMLOG:: Cycle          90 PC:     015a I:     0800 R: 0   0     zzzz M: 0 0     xxxx     zzzz
SIMLOG:: Cycle          91 PC:     015e I:     0000 R: 0   0     zzzz M: 0 0     zz00     zzzz
SIMLOG:: Processor halted

SIMLOG:: sim_cycles          91

SIMLOG:: inst_count          88

