SIMLOG:: Cycle           4 PC: 00000000 I: 00000000 R: 0   0 00000000 M: 0 0 00000000 00000000
SIMLOG:: Cycle           5 PC: 00000000 I: 00000000 R: 0   0 00000000 M: 0 0 00000000 00000000
SIMLOG:: Cycle           6 PC: 00000000 I: 00000000 R: 0   0 00000000 M: 0 0 00000000 00000000
SIMLOG:: Cycle           7 PC: 00000000 I: 0000c000 R: 0   0 00000000 M: 0 0 00000000 00000000
SIMLOG:: Cycle           8 PC: 00000000 I: 0000c000 R: 0   0 00000000 M: 0 0 00000000 00000000
SIMLOG:: Cycle           9 PC: 00000000 I: 0000c000 R: 0   0 00000000 M: 0 0 00000000 00000000
SIMLOG:: Cycle          10 PC: 00000000 I: 0000c000 R: 0   0 00000000 M: 0 0 00000000 00000000
SIMLOG:: Cycle          11 PC: 00000000 I: 0000c000 R: 0   0 00000000 M: 0 0 00000000 00000000
SIMLOG:: Cycle          12 PC: 00000000 I: 0000c000 R: 0   0 00000000 M: 0 0 00000000 00000000
SIMLOG:: Cycle          13 PC: 00000000 I: 0000c000 R: 0   0 00000000 M: 0 0 00000000 00000000
SIMLOG:: Cycle          14 PC: 00000000 I: 0000c000 R: 0   0 00000000 M: 0 0 00000000 00000000
SIMLOG:: Cycle          15 PC: 00000000 I: 0000c000 R: 0   0 00000000 M: 0 0 00000000 00000000
SIMLOG:: Cycle          16 PC: 00000000 I: 0000c000 R: 0   0 00000000 M: 0 0 00000000 00000000
SIMLOG:: Cycle          17 PC: 00000000 I: 0000c000 R: 0   0 00000000 M: 0 0 00000000 00000000
SIMLOG:: Cycle          18 PC: 00000002 I: 0000904c R: 0   0 00000000 M: 0 0 00000000 00000000
SIMLOG:: Cycle          19 PC: 00000004 I: 0000c100 R: 0   0 00000000 M: 0 0 00000000 00000000
SIMLOG:: Cycle          20 PC: 00000006 I: 00009154 R: 0   0 00000000 M: 0 0 00000000 00000000
SIMLOG:: Cycle          21 PC: 00000008 I: 00009154 R: 1   0 00000000 M: 0 0 0000004c 00000000
SIMLOG:: Cycle          22 PC: 00000008 I: 00009154 R: 0   0 00000000 M: 0 0 0000004c 00000000
SIMLOG:: Cycle          23 PC: 00000008 I: 00009154 R: 0   0 00000000 M: 0 0 0000004c 00000000
SIMLOG:: Cycle          24 PC: 00000008 I: 0000c207 R: 0   0 00000000 M: 0 0 0000004c 00000000
SIMLOG:: Cycle          25 PC: 00000008 I: 0000c207 R: 0   0 00000000 M: 0 0 0000004c 00000000
SIMLOG:: Cycle          26 PC: 00000008 I: 0000c207 R: 0   0 00000000 M: 0 0 0000004c 00000000
SIMLOG:: Cycle          27 PC: 00000008 I: 0000c207 R: 0   0 00000000 M: 0 0 0000004c 00000000
SIMLOG:: Cycle          28 PC: 00000008 I: 0000c207 R: 0   0 00000000 M: 0 0 0000004c 00000000
SIMLOG:: Cycle          29 PC: 00000008 I: 0000c207 R: 0   0 00000000 M: 0 0 0000004c 00000000
SIMLOG:: Cycle          30 PC: 00000008 I: 0000c207 R: 0   0 00000000 M: 0 0 0000004c 00000000
SIMLOG:: Cycle          31 PC: 00000008 I: 0000c207 R: 0   0 00000000 M: 0 0 0000004c 00000000
SIMLOG:: Cycle          32 PC: 00000008 I: 0000c207 R: 0   0 00000000 M: 0 0 0000004c 00000000
SIMLOG:: Cycle          33 PC: 00000008 I: 0000c207 R: 0   0 00000000 M: 0 0 0000004c 00000000
SIMLOG:: Cycle          34 PC: 00000008 I: 0000c207 R: 0   0 00000000 M: 0 0 0000004c 00000000
SIMLOG:: Cycle          35 PC: 0000000a I: 00008040 R: 1   0 0000004c M: 0 0 00000000 0000004c
SIMLOG:: Cycle          36 PC: 0000000c I: 00008860 R: 1   1 00000000 M: 0 0 00000054 00000000
SIMLOG:: Cycle          37 PC: 0000000e I: 0000c4f9 R: 1   1 00000054 M: 0 0 00000007 0000004c
SIMLOG:: Cycle          38 PC: 00000010 I: 0000c4f9 R: 1   2 00000007 M: 0 1 0000004c 00000007
SIMLOG:: Cycle          39 PC: 00000010 I: 0000c4f9 R: 0   2 00000007 M: 0 0 0000004c 00000007
SIMLOG:: Cycle          40 PC: 00000010 I: 0000c4f9 R: 0   2 00000007 M: 0 0 0000004c 00000007
SIMLOG:: Cycle          41 PC: 00000010 I: 00008084 R: 0   2 00000007 M: 0 0 0000004c 00000007
SIMLOG:: Cycle          42 PC: 00000010 I: 00008084 R: 0   2 00000007 M: 0 0 0000004c 00000007
SIMLOG:: Cycle          43 PC: 00000010 I: 00008084 R: 0   2 00000007 M: 0 0 0000004c 00000007
SIMLOG:: Cycle          44 PC: 00000010 I: 00008084 R: 0   2 00000007 M: 0 0 0000004c 00000007
SIMLOG:: Cycle          45 PC: 00000010 I: 00008084 R: 0   2 00000007 M: 0 0 0000004c 00000007
SIMLOG:: Cycle          46 PC: 00000010 I: 00008084 R: 0   2 00000007 M: 0 0 0000004c 00000007
SIMLOG:: Cycle          47 PC: 00000010 I: 00008084 R: 0   2 00000007 M: 0 0 0000004c 00000007
SIMLOG:: Cycle          48 PC: 00000010 I: 00008084 R: 0   2 00000007 M: 0 0 0000004c 00000007
SIMLOG:: Cycle          49 PC: 00000010 I: 00008084 R: 0   2 00000007 M: 0 0 0000004c 00000007
SIMLOG:: Cycle          50 PC: 00000010 I: 00008084 R: 0   2 00000007 M: 0 0 0000004c 00000007
SIMLOG:: Cycle          51 PC: 00000010 I: 00008084 R: 0   2 00000007 M: 0 0 0000004c 00000007
SIMLOG:: Cycle          52 PC: 00000010 I: 00008084 R: 0   2 00000007 M: 0 0 0000004c 00000007
SIMLOG:: Cycle          53 PC: 00000010 I: 00008084 R: 0   2 00000007 M: 0 0 0000004c 00000007
SIMLOG:: Cycle          54 PC: 00000010 I: 00008084 R: 0   2 00000007 M: 0 0 0000004c 00000007
SIMLOG:: Cycle          55 PC: 00000010 I: 00008084 R: 0   2 00000007 M: 0 0 0000004c 00000007
SIMLOG:: Cycle          56 PC: 00000012 I: 00004004 R: 0   2 00000000 M: 0 0 0000004c 00000000
SIMLOG:: Cycle          57 PC: 00000014 I: 000088a0 R: 1   3 00000007 M: 0 0 0000fff9 00000000
SIMLOG:: Cycle          58 PC: 00000016 I: 00004248 R: 1   4 0000fff9 M: 0 1 00000050 0000fff9
SIMLOG:: Cycle          59 PC: 00000016 I: 00004248 R: 0   4 0000fff9 M: 0 0 00000050 0000fff9
SIMLOG:: Cycle          60 PC: 00000016 I: 00004248 R: 0   4 0000fff9 M: 0 0 00000050 0000fff9
SIMLOG:: Cycle          61 PC: 00000016 I: 00004248 R: 0   4 0000fff9 M: 0 0 00000050 0000fff9
SIMLOG:: Cycle          62 PC: 00000016 I: 00004248 R: 0   4 0000fff9 M: 0 0 00000050 0000fff9
SIMLOG:: Cycle          63 PC: 00000016 I: 00004248 R: 0   4 0000fff9 M: 0 0 00000050 0000fff9
SIMLOG:: Cycle          64 PC: 00000016 I: 00004248 R: 0   4 0000fff9 M: 0 0 00000050 0000fff9
SIMLOG:: Cycle          65 PC: 00000016 I: 00004248 R: 0   4 0000fff9 M: 0 0 00000050 0000fff9
SIMLOG:: Cycle          66 PC: 00000016 I: 00004248 R: 0   4 0000fff9 M: 0 0 00000050 0000fff9
SIMLOG:: Cycle          67 PC: 00000016 I: 00004248 R: 0   4 0000fff9 M: 0 0 00000050 0000fff9
SIMLOG:: Cycle          68 PC: 00000016 I: 00004248 R: 0   4 0000fff9 M: 0 0 00000050 0000fff9
SIMLOG:: Cycle          69 PC: 00000016 I: 00004248 R: 0   4 0000fff9 M: 0 0 00000050 0000fff9
SIMLOG:: Cycle          70 PC: 00000016 I: 00004248 R: 0   4 0000fff9 M: 0 0 00000050 0000fff9
SIMLOG:: Cycle          71 PC: 00000016 I: 00004248 R: 0   4 0000fff9 M: 0 0 00000050 0000fff9
SIMLOG:: Cycle          72 PC: 00000016 I: 00004248 R: 0   4 0000fff9 M: 0 0 00000050 0000fff9
SIMLOG:: Cycle          73 PC: 00000016 I: 00004248 R: 0   4 0000fff9 M: 0 0 00000050 0000fff9
SIMLOG:: Cycle          74 PC: 00000016 I: 00004248 R: 0   4 0000fff9 M: 0 0 00000050 0000fff9
SIMLOG:: Cycle          75 PC: 00000016 I: 00004248 R: 0   4 0000fff9 M: 0 0 00000050 0000fff9
SIMLOG:: Cycle          76 PC: 00000018 I: 00004248 R: 0   4 00000000 M: 0 0 00000050 0000004c
SIMLOG:: Cycle          77 PC: 00000018 I: 00004248 R: 0   4 00000000 M: 0 0 00000050 0000004c
SIMLOG:: Cycle          78 PC: 00000018 I: 00004248 R: 0   4 00000000 M: 0 0 00000050 0000004c
SIMLOG:: Cycle          79 PC: 00000018 I: 0000805e R: 0   4 00000000 M: 0 0 00000050 0000004c
SIMLOG:: Cycle          80 PC: 00000018 I: 0000805e R: 0   4 00000000 M: 0 0 00000050 0000004c
SIMLOG:: Cycle          81 PC: 00000018 I: 0000805e R: 0   4 00000000 M: 0 0 00000050 0000004c
SIMLOG:: Cycle          82 PC: 00000018 I: 0000805e R: 0   4 00000000 M: 0 0 00000050 0000004c
SIMLOG:: Cycle          83 PC: 00000018 I: 0000805e R: 0   4 00000000 M: 0 0 00000050 0000004c
SIMLOG:: Cycle          84 PC: 00000018 I: 0000805e R: 0   4 00000000 M: 0 0 00000050 0000004c
SIMLOG:: Cycle          85 PC: 00000018 I: 0000805e R: 0   4 00000000 M: 0 0 00000050 0000004c
SIMLOG:: Cycle          86 PC: 00000018 I: 0000805e R: 0   4 00000000 M: 0 0 00000050 0000004c
SIMLOG:: Cycle          87 PC: 00000018 I: 0000805e R: 0   4 00000000 M: 0 0 00000050 0000004c
SIMLOG:: Cycle          88 PC: 00000018 I: 0000805e R: 0   4 00000000 M: 0 0 00000050 0000004c
SIMLOG:: Cycle          89 PC: 00000018 I: 0000805e R: 0   4 00000000 M: 0 0 00000050 0000004c
SIMLOG:: Cycle          90 PC: 0000001a I: 0000401d R: 1   0 00000050 M: 0 0 00000050 00000000
SIMLOG:: Cycle          91 PC: 0000001c I: 000088c1 R: 1   5 0000fff9 M: 0 0 0000000f 00000007
SIMLOG:: Cycle          92 PC: 0000001e I: 0000c256 R: 1   2 0000000f M: 0 1 0000004e 0000000f
SIMLOG:: Cycle          93 PC: 00000020 I: 0000c256 R: 0   2 00000000 M: 0 0 0000004d 00000050
SIMLOG:: Cycle          94 PC: 00000020 I: 0000c256 R: 0   2 00000000 M: 0 0 0000004d 00000050
SIMLOG:: Cycle          95 PC: 00000020 I: 0000c256 R: 0   2 00000000 M: 0 0 0000004d 00000050
SIMLOG:: Cycle          96 PC: 00000020 I: 00009278 R: 0   2 00000000 M: 0 0 0000004d 00000050
SIMLOG:: Cycle          97 PC: 00000020 I: 00009278 R: 0   2 00000000 M: 0 0 0000004d 00000050
SIMLOG:: Cycle          98 PC: 00000020 I: 00009278 R: 0   2 00000000 M: 0 0 0000004d 00000050
SIMLOG:: Cycle          99 PC: 00000020 I: 00009278 R: 0   2 00000000 M: 0 0 0000004d 00000050
SIMLOG:: Cycle         100 PC: 00000020 I: 00009278 R: 0   2 00000000 M: 0 0 0000004d 00000050
SIMLOG:: Cycle         101 PC: 00000020 I: 00009278 R: 0   2 00000000 M: 0 0 0000004d 00000050
SIMLOG:: Cycle         102 PC: 00000020 I: 00009278 R: 0   2 00000000 M: 0 0 0000004d 00000050
SIMLOG:: Cycle         103 PC: 00000020 I: 00009278 R: 0   2 00000000 M: 0 0 0000004d 00000050
SIMLOG:: Cycle         104 PC: 00000020 I: 00009278 R: 0   2 00000000 M: 0 0 0000004d 00000050
SIMLOG:: Cycle         105 PC: 00000020 I: 00009278 R: 0   2 00000000 M: 0 0 0000004d 00000050
SIMLOG:: Cycle         106 PC: 00000020 I: 00009278 R: 0   2 00000000 M: 0 0 0000004d 00000050
SIMLOG:: Cycle         107 PC: 00000022 I: 00004261 R: 1   0 0000004d M: 0 0 0000004e 00000000
SIMLOG:: Cycle         108 PC: 00000024 I: 00004282 R: 1   6 0000000f M: 0 0 00000056 0000000f
SIMLOG:: Cycle         109 PC: 00000026 I: 00009942 R: 1   2 00000056 M: 0 0 00005678 00000007
SIMLOG:: Cycle         110 PC: 00000028 I: 00009942 R: 1   2 00005678 M: 0 0 00005679 00000007
SIMLOG:: Cycle         111 PC: 00000028 I: 00009942 R: 0   2 00005678 M: 0 0 00005679 00000007
SIMLOG:: Cycle         112 PC: 00000028 I: 00009942 R: 0   2 00005678 M: 0 0 00005679 00000007
SIMLOG:: Cycle         113 PC: 00000028 I: 00009962 R: 0   2 00005678 M: 0 0 00005679 00000007
SIMLOG:: Cycle         114 PC: 00000028 I: 00009962 R: 0   2 00005678 M: 0 0 00005679 00000007
SIMLOG:: Cycle         115 PC: 00000028 I: 00009962 R: 0   2 00005678 M: 0 0 00005679 00000007
SIMLOG:: Cycle         116 PC: 00000028 I: 00009962 R: 0   2 00005678 M: 0 0 00005679 00000007
SIMLOG:: Cycle         117 PC: 00000028 I: 00009962 R: 0   2 00005678 M: 0 0 00005679 00000007
SIMLOG:: Cycle         118 PC: 00000028 I: 00009962 R: 0   2 00005678 M: 0 0 00005679 00000007
SIMLOG:: Cycle         119 PC: 00000028 I: 00009962 R: 0   2 00005678 M: 0 0 00005679 00000007
SIMLOG:: Cycle         120 PC: 00000028 I: 00009962 R: 0   2 00005678 M: 0 0 00005679 00000007
SIMLOG:: Cycle         121 PC: 00000028 I: 00009962 R: 0   2 00005678 M: 0 0 00005679 00000007
SIMLOG:: Cycle         122 PC: 00000028 I: 00009962 R: 0   2 00005678 M: 0 0 00005679 00000007
SIMLOG:: Cycle         123 PC: 00000028 I: 00009962 R: 0   2 00005678 M: 0 0 00005679 00000007
SIMLOG:: Cycle         124 PC: 0000002a I: 00009986 R: 1   3 00005679 M: 0 0 0000567a 0000fff9
SIMLOG:: Cycle         125 PC: 0000002c I: 00008998 R: 1   4 0000567a M: 0 1 00000056 00005678
SIMLOG:: Cycle         126 PC: 0000002e I: 0000897a R: 1   1 00000056 M: 0 1 00000058 00005679
SIMLOG:: Cycle         127 PC: 0000002e I: 0000897a R: 0   1 00000056 M: 0 0 00000058 00005679
SIMLOG:: Cycle         128 PC: 0000002e I: 0000897a R: 0   1 00000056 M: 0 0 00000058 00005679
SIMLOG:: Cycle         129 PC: 0000002e I: 0000897a R: 0   1 00000056 M: 0 0 00000058 00005679
SIMLOG:: Cycle         130 PC: 0000002e I: 0000897a R: 0   1 00000056 M: 0 0 00000058 00005679
SIMLOG:: Cycle         131 PC: 0000002e I: 0000897a R: 0   1 00000056 M: 0 0 00000058 00005679
SIMLOG:: Cycle         132 PC: 0000002e I: 0000897a R: 0   1 00000056 M: 0 0 00000058 00005679
SIMLOG:: Cycle         133 PC: 0000002e I: 0000897a R: 0   1 00000056 M: 0 0 00000058 00005679
SIMLOG:: Cycle         134 PC: 0000002e I: 0000897a R: 0   1 00000056 M: 0 0 00000058 00005679
SIMLOG:: Cycle         135 PC: 0000002e I: 0000897a R: 0   1 00000056 M: 0 0 00000058 00005679
SIMLOG:: Cycle         136 PC: 0000002e I: 0000897a R: 0   1 00000056 M: 0 0 00000058 00005679
SIMLOG:: Cycle         137 PC: 0000002e I: 0000897a R: 0   1 00000056 M: 0 0 00000058 00005679
SIMLOG:: Cycle         138 PC: 0000002e I: 0000897a R: 0   1 00000056 M: 0 0 00000058 00005679
SIMLOG:: Cycle         139 PC: 0000002e I: 0000897a R: 0   1 00000056 M: 0 0 00000058 00005679
SIMLOG:: Cycle         140 PC: 0000002e I: 0000897a R: 0   1 00000056 M: 0 0 00000058 00005679
SIMLOG:: Cycle         141 PC: 0000002e I: 0000897a R: 0   1 00000056 M: 0 0 00000058 00005679
SIMLOG:: Cycle         142 PC: 0000002e I: 0000897a R: 0   1 00000056 M: 0 0 00000058 00005679
SIMLOG:: Cycle         143 PC: 0000002e I: 0000897a R: 0   1 00000056 M: 0 0 00000058 00005679
SIMLOG:: Cycle         144 PC: 00000030 I: 0000897a R: 1   1 00000058 M: 0 1 0000005e 0000567a
SIMLOG:: Cycle         145 PC: 00000030 I: 0000897a R: 0   1 00000058 M: 0 0 0000005e 0000567a
SIMLOG:: Cycle         146 PC: 00000030 I: 0000897a R: 0   1 00000058 M: 0 0 0000005e 0000567a
SIMLOG:: Cycle         147 PC: 00000030 I: 00008940 R: 0   1 00000058 M: 0 0 0000005e 0000567a
SIMLOG:: Cycle         148 PC: 00000030 I: 00008940 R: 0   1 00000058 M: 0 0 0000005e 0000567a
SIMLOG:: Cycle         149 PC: 00000030 I: 00008940 R: 0   1 00000058 M: 0 0 0000005e 0000567a
SIMLOG:: Cycle         150 PC: 00000030 I: 00008940 R: 0   1 00000058 M: 0 0 0000005e 0000567a
SIMLOG:: Cycle         151 PC: 00000030 I: 00008940 R: 0   1 00000058 M: 0 0 0000005e 0000567a
SIMLOG:: Cycle         152 PC: 00000030 I: 00008940 R: 0   1 00000058 M: 0 0 0000005e 0000567a
SIMLOG:: Cycle         153 PC: 00000030 I: 00008940 R: 0   1 00000058 M: 0 0 0000005e 0000567a
SIMLOG:: Cycle         154 PC: 00000030 I: 00008940 R: 0   1 00000058 M: 0 0 0000005e 0000567a
SIMLOG:: Cycle         155 PC: 00000030 I: 00008940 R: 0   1 00000058 M: 0 0 0000005e 0000567a
SIMLOG:: Cycle         156 PC: 00000030 I: 00008940 R: 0   1 00000058 M: 0 0 0000005e 0000567a
SIMLOG:: Cycle         157 PC: 00000030 I: 00008940 R: 0   1 00000058 M: 0 0 0000005e 0000567a
SIMLOG:: Cycle         158 PC: 00000032 I: 00008823 R: 1   1 0000005e M: 0 0 00000056 0000567a
SIMLOG:: Cycle         159 PC: 00000034 I: 0000a481 R: 1   4 00005678 M: 0 0 00000058 00005679
SIMLOG:: Cycle         160 PC: 00000036 I: 0000a364 R: 1   3 00005679 M: 0 0 0000005e 00005678
SIMLOG:: Cycle         161 PC: 00000038 I: 0000a364 R: 1   2 0000567a M: 0 0 00000050 0000005e
SIMLOG:: Cycle         162 PC: 00000038 I: 0000a364 R: 0   2 0000567a M: 0 0 00000050 0000005e
SIMLOG:: Cycle         163 PC: 00000038 I: 0000a364 R: 0   2 0000567a M: 0 0 00000050 0000005e
SIMLOG:: Cycle         164 PC: 00000038 I: 0000db9c R: 0   2 0000567a M: 0 0 00000050 0000005e
SIMLOG:: Cycle         165 PC: 00000038 I: 0000db9c R: 0   2 0000567a M: 0 0 00000050 0000005e
SIMLOG:: Cycle         166 PC: 00000038 I: 0000db9c R: 0   2 0000567a M: 0 0 00000050 0000005e
SIMLOG:: Cycle         167 PC: 00000038 I: 0000db9c R: 0   2 0000567a M: 0 0 00000050 0000005e
SIMLOG:: Cycle         168 PC: 00000038 I: 0000db9c R: 0   2 0000567a M: 0 0 00000050 0000005e
SIMLOG:: Cycle         169 PC: 00000038 I: 0000db9c R: 0   2 0000567a M: 0 0 00000050 0000005e
SIMLOG:: Cycle         170 PC: 00000038 I: 0000db9c R: 0   2 0000567a M: 0 0 00000050 0000005e
SIMLOG:: Cycle         171 PC: 00000038 I: 0000db9c R: 0   2 0000567a M: 0 0 00000050 0000005e
SIMLOG:: Cycle         172 PC: 00000038 I: 0000db9c R: 0   2 0000567a M: 0 0 00000050 0000005e
SIMLOG:: Cycle         173 PC: 00000038 I: 0000db9c R: 0   2 0000567a M: 0 0 00000050 0000005e
SIMLOG:: Cycle         174 PC: 00000038 I: 0000db9c R: 0   2 0000567a M: 1 0 00000050 0000005e
SIMLOG:: Cycle         175 PC: 0000003a I: 0000df5c R: 1   1 0000fff9 M: 0 0 0000acf0 00005678
SIMLOG:: Cycle         176 PC: 0000003c I: 0000df3c R: 1   4 0000acf0 M: 0 0 00006795 00005679
SIMLOG:: Cycle         177 PC: 0000003e I: 0000dfdc R: 1   3 00006795 M: 0 0 00001485 0000acf0
SIMLOG:: Cycle         178 PC: 00000040 I: 0000dfdc R: 1   7 00001485 M: 0 0 00006aff 0000567a
SIMLOG:: Cycle         179 PC: 00000040 I: 0000dfdc R: 0   7 00001485 M: 0 0 00006aff 0000567a
SIMLOG:: Cycle         180 PC: 00000040 I: 0000dfdc R: 0   7 00001485 M: 0 0 00006aff 0000567a
SIMLOG:: Cycle         181 PC: 00000040 I: 000080e5 R: 0   7 00001485 M: 0 0 00006aff 0000567a
SIMLOG:: Cycle         182 PC: 00000040 I: 000080e5 R: 0   7 00001485 M: 0 0 00006aff 0000567a
SIMLOG:: Cycle         183 PC: 00000040 I: 000080e5 R: 0   7 00001485 M: 0 0 00006aff 0000567a
SIMLOG:: Cycle         184 PC: 00000040 I: 000080e5 R: 0   7 00001485 M: 0 0 00006aff 0000567a
SIMLOG:: Cycle         185 PC: 00000040 I: 000080e5 R: 0   7 00001485 M: 0 0 00006aff 0000567a
SIMLOG:: Cycle         186 PC: 00000040 I: 000080e5 R: 0   7 00001485 M: 0 0 00006aff 0000567a
SIMLOG:: Cycle         187 PC: 00000040 I: 000080e5 R: 0   7 00001485 M: 0 0 00006aff 0000567a
SIMLOG:: Cycle         188 PC: 00000040 I: 000080e5 R: 0   7 00001485 M: 0 0 00006aff 0000567a
SIMLOG:: Cycle         189 PC: 00000040 I: 000080e5 R: 0   7 00001485 M: 0 0 00006aff 0000567a
SIMLOG:: Cycle         190 PC: 00000040 I: 000080e5 R: 0   7 00001485 M: 0 0 00006aff 0000567a
SIMLOG:: Cycle         191 PC: 00000040 I: 000080e5 R: 0   7 00001485 M: 0 0 00006aff 0000567a
SIMLOG:: Cycle         192 PC: 00000042 I: 00000000 R: 1   7 00006aff M: 0 0 00006af8 0000fff9
SIMLOG:: Cycle         193 PC: 00000044 I: 00000000 R: 1   7 00006af8 M: 0 0 00006b07 0000000f
SIMLOG:: Cycle         194 PC: 00000046 I: 00000000 R: 1   7 00006b07 M: 0 1 00000052 00006b07
SIMLOG:: Cycle         195 PC: 00000048 I: 00000000 R: 0   7 00000000 M: 0 0 0000a009 0000004d
SIMLOG:: Cycle         196 PC: 00000048 I: 00000000 R: 0   7 00000000 M: 0 0 0000a009 0000004d
SIMLOG:: Cycle         197 PC: 00000048 I: 00000000 R: 0   7 00000000 M: 0 0 0000a009 0000004d
SIMLOG:: Cycle         198 PC: 00000048 I: 00000000 R: 0   7 00000000 M: 0 0 0000a009 0000004d
SIMLOG:: Cycle         199 PC: 00000048 I: 00000000 R: 0   7 00000000 M: 0 0 0000a009 0000004d
SIMLOG:: Cycle         200 PC: 00000048 I: 00000000 R: 0   7 00000000 M: 0 0 0000a009 0000004d
SIMLOG:: Cycle         201 PC: 00000048 I: 00000000 R: 0   7 00000000 M: 0 0 0000a009 0000004d
SIMLOG:: Cycle         202 PC: 00000048 I: 00000000 R: 0   7 00000000 M: 0 0 0000a009 0000004d
SIMLOG:: Cycle         203 PC: 00000048 I: 00000000 R: 0   7 00000000 M: 0 0 0000a009 0000004d
SIMLOG:: Cycle         204 PC: 00000048 I: 00000000 R: 0   7 00000000 M: 0 0 0000a009 0000004d
SIMLOG:: Cycle         205 PC: 00000048 I: 00000000 R: 0   7 00000000 M: 0 0 0000a009 0000004d
SIMLOG:: Cycle         206 PC: 00000048 I: 00000000 R: 0   7 00000000 M: 0 0 0000a009 0000004d
SIMLOG:: Cycle         207 PC: 00000048 I: 00000000 R: 0   7 00000000 M: 0 0 0000a009 0000004d
SIMLOG:: Cycle         208 PC: 00000048 I: 00000000 R: 0   7 00000000 M: 0 0 0000a009 0000004d
SIMLOG:: Cycle         209 PC: 0000004a I: 00000000 R: 0   0 0000a009 M: 0 0 0000a009 0000004d
SIMLOG:: Processor halted

SIMLOG:: sim_cycles         209

SIMLOG:: inst_count          30

SIMLOG:: dcachehit_count           0

SIMLOG:: icachehit_count           0

SIMLOG:: dcachereq_count           0

SIMLOG:: icachereq_count           0

